
*** Running vivado
    with args -log system_rst_inv_0_0.vds -m64 -product Vivado -mode batch -messageDb vivado.pb -notrace -source system_rst_inv_0_0.tcl


****** Vivado v2023.1.1 (64-bit)
  **** SW Build 3900603 on Fri Jun 16 19:30:25 MDT 2023
  **** IP Build 3900379 on Sat Jun 17 05:28:05 MDT 2023
  **** SharedData Build 3899622 on Fri Jun 16 03:34:24 MDT 2023
    ** Copyright 1986-2022 Xilinx, Inc. All Rights Reserved.
    ** Copyright 2022-2023 Advanced Micro Devices, Inc. All Rights Reserved.

source system_rst_inv_0_0.tcl -notrace
create_project: Time (s): cpu = 00:00:19 ; elapsed = 00:00:20 . Memory (MB): peak = 1297.504 ; gain = 14.027 ; free physical = 6048 ; free virtual = 11958
INFO: [IP_Flow 19-234] Refreshing IP repositories
INFO: [IP_Flow 19-1704] No user IP repositories specified
INFO: [IP_Flow 19-2313] Loaded Vivado IP repository '/home/cristian/Xilinx/Vivado/2023.1/data/ip'.
INFO: [IP_Flow 19-6924] IPCACHE: Running cache check for IP inst: system_rst_inv_0_0
Command: synth_design -top system_rst_inv_0_0 -part xc7a100tcsg324-1 -incremental_mode off -mode out_of_context
Starting synth_design
Attempting to get a license for feature 'Synthesis' and/or device 'xc7a100t'
INFO: [Common 17-349] Got license for feature 'Synthesis' and/or device 'xc7a100t'
INFO: [Device 21-403] Loading part xc7a100tcsg324-1
INFO: [Synth 8-7079] Multithreading enabled for synth_design using a maximum of 4 processes.
INFO: [Synth 8-7078] Launching helper process for spawning children vivado processes
INFO: [Synth 8-7075] Helper process launched with PID 22583
---------------------------------------------------------------------------------
Starting RTL Elaboration : Time (s): cpu = 00:00:08 ; elapsed = 00:00:08 . Memory (MB): peak = 2046.000 ; gain = 378.738 ; free physical = 447 ; free virtual = 6340
---------------------------------------------------------------------------------
INFO: [Synth 8-6157] synthesizing module 'system_rst_inv_0_0' [/home/cristian/Documents/ACES/DSD/ProcessorSystem/ProcessorSystem.gen/sources_1/bd/system/ip/system_rst_inv_0_0/synth/system_rst_inv_0_0.v:53]
INFO: [Synth 8-6157] synthesizing module 'rst_inv' [/home/cristian/Documents/ACES/DSD/ProcessorSystem/ProcessorSystem.srcs/sources_1/new/rst_inv.v:1]
INFO: [Synth 8-6155] done synthesizing module 'rst_inv' (0#1) [/home/cristian/Documents/ACES/DSD/ProcessorSystem/ProcessorSystem.srcs/sources_1/new/rst_inv.v:1]
INFO: [Synth 8-6155] done synthesizing module 'system_rst_inv_0_0' (0#1) [/home/cristian/Documents/ACES/DSD/ProcessorSystem/ProcessorSystem.gen/sources_1/bd/system/ip/system_rst_inv_0_0/synth/system_rst_inv_0_0.v:53]
---------------------------------------------------------------------------------
Finished RTL Elaboration : Time (s): cpu = 00:00:11 ; elapsed = 00:00:11 . Memory (MB): peak = 2112.938 ; gain = 445.676 ; free physical = 164 ; free virtual = 5084
---------------------------------------------------------------------------------
---------------------------------------------------------------------------------
Start Handling Custom Attributes
---------------------------------------------------------------------------------
---------------------------------------------------------------------------------
Finished Handling Custom Attributes : Time (s): cpu = 00:00:11 ; elapsed = 00:00:11 . Memory (MB): peak = 2130.750 ; gain = 463.488 ; free physical = 161 ; free virtual = 4993
---------------------------------------------------------------------------------
---------------------------------------------------------------------------------
Finished RTL Optimization Phase 1 : Time (s): cpu = 00:00:11 ; elapsed = 00:00:11 . Memory (MB): peak = 2130.750 ; gain = 463.488 ; free physical = 159 ; free virtual = 4993
---------------------------------------------------------------------------------
Netlist sorting complete. Time (s): cpu = 00:00:00 ; elapsed = 00:00:00 . Memory (MB): peak = 2130.750 ; gain = 0.000 ; free physical = 182 ; free virtual = 4991
INFO: [Project 1-570] Preparing netlist for logic optimization

Processing XDC Constraints
Initializing timing engine
Completed Processing XDC Constraints

Netlist sorting complete. Time (s): cpu = 00:00:00 ; elapsed = 00:00:00 . Memory (MB): peak = 2203.688 ; gain = 0.000 ; free physical = 179 ; free virtual = 4340
INFO: [Project 1-111] Unisim Transformation Summary:
No Unisim elements were transformed.

Constraint Validation Runtime : Time (s): cpu = 00:00:00.01 ; elapsed = 00:00:00.02 . Memory (MB): peak = 2203.688 ; gain = 0.000 ; free physical = 175 ; free virtual = 4338
INFO: [Designutils 20-5008] Incremental synthesis strategy off
---------------------------------------------------------------------------------
Finished Constraint Validation : Time (s): cpu = 00:00:20 ; elapsed = 00:00:20 . Memory (MB): peak = 2203.688 ; gain = 536.426 ; free physical = 235 ; free virtual = 3829
---------------------------------------------------------------------------------
---------------------------------------------------------------------------------
Start Loading Part and Timing Information
---------------------------------------------------------------------------------
Loading part: xc7a100tcsg324-1
---------------------------------------------------------------------------------
Finished Loading Part and Timing Information : Time (s): cpu = 00:00:20 ; elapsed = 00:00:20 . Memory (MB): peak = 2203.688 ; gain = 536.426 ; free physical = 235 ; free virtual = 3829
---------------------------------------------------------------------------------
---------------------------------------------------------------------------------
Start Applying 'set_property' XDC Constraints
---------------------------------------------------------------------------------
---------------------------------------------------------------------------------
Finished applying 'set_property' XDC Constraints : Time (s): cpu = 00:00:20 ; elapsed = 00:00:20 . Memory (MB): peak = 2203.688 ; gain = 536.426 ; free physical = 234 ; free virtual = 3828
---------------------------------------------------------------------------------
---------------------------------------------------------------------------------
Finished RTL Optimization Phase 2 : Time (s): cpu = 00:00:20 ; elapsed = 00:00:21 . Memory (MB): peak = 2203.688 ; gain = 536.426 ; free physical = 220 ; free virtual = 3815
---------------------------------------------------------------------------------
---------------------------------------------------------------------------------
Start RTL Component Statistics 
---------------------------------------------------------------------------------
Detailed RTL Component Info : 
---------------------------------------------------------------------------------
Finished RTL Component Statistics 
---------------------------------------------------------------------------------
---------------------------------------------------------------------------------
Start Part Resource Summary
---------------------------------------------------------------------------------
Part Resources:
DSPs: 240 (col length:80)
BRAMs: 270 (col length: RAMB18 80 RAMB36 40)
---------------------------------------------------------------------------------
Finished Part Resource Summary
---------------------------------------------------------------------------------
---------------------------------------------------------------------------------
Start Cross Boundary and Area Optimization
---------------------------------------------------------------------------------
WARNING: [Synth 8-7080] Parallel synthesis criteria is not met
---------------------------------------------------------------------------------
Finished Cross Boundary and Area Optimization : Time (s): cpu = 00:00:21 ; elapsed = 00:00:22 . Memory (MB): peak = 2203.688 ; gain = 536.426 ; free physical = 219 ; free virtual = 3718
---------------------------------------------------------------------------------
---------------------------------------------------------------------------------
Start Applying XDC Timing Constraints
---------------------------------------------------------------------------------
---------------------------------------------------------------------------------
Finished Applying XDC Timing Constraints : Time (s): cpu = 00:00:28 ; elapsed = 00:00:29 . Memory (MB): peak = 2203.688 ; gain = 536.426 ; free physical = 490 ; free virtual = 3590
---------------------------------------------------------------------------------
---------------------------------------------------------------------------------
Start Timing Optimization
---------------------------------------------------------------------------------
---------------------------------------------------------------------------------
Finished Timing Optimization : Time (s): cpu = 00:00:28 ; elapsed = 00:00:29 . Memory (MB): peak = 2203.688 ; gain = 536.426 ; free physical = 490 ; free virtual = 3590
---------------------------------------------------------------------------------
---------------------------------------------------------------------------------
Start Technology Mapping
---------------------------------------------------------------------------------
---------------------------------------------------------------------------------
Finished Technology Mapping : Time (s): cpu = 00:00:28 ; elapsed = 00:00:29 . Memory (MB): peak = 2203.688 ; gain = 536.426 ; free physical = 490 ; free virtual = 3591
---------------------------------------------------------------------------------
---------------------------------------------------------------------------------
Start IO Insertion
---------------------------------------------------------------------------------
---------------------------------------------------------------------------------
Start Flattening Before IO Insertion
---------------------------------------------------------------------------------
---------------------------------------------------------------------------------
Finished Flattening Before IO Insertion
---------------------------------------------------------------------------------
---------------------------------------------------------------------------------
Start Final Netlist Cleanup
---------------------------------------------------------------------------------
---------------------------------------------------------------------------------
Finished Final Netlist Cleanup
---------------------------------------------------------------------------------
---------------------------------------------------------------------------------
Finished IO Insertion : Time (s): cpu = 00:00:34 ; elapsed = 00:00:35 . Memory (MB): peak = 2203.688 ; gain = 536.426 ; free physical = 979 ; free virtual = 4112
---------------------------------------------------------------------------------
---------------------------------------------------------------------------------
Start Renaming Generated Instances
---------------------------------------------------------------------------------
---------------------------------------------------------------------------------
Finished Renaming Generated Instances : Time (s): cpu = 00:00:34 ; elapsed = 00:00:35 . Memory (MB): peak = 2203.688 ; gain = 536.426 ; free physical = 979 ; free virtual = 4112
---------------------------------------------------------------------------------
---------------------------------------------------------------------------------
Start Rebuilding User Hierarchy
---------------------------------------------------------------------------------
---------------------------------------------------------------------------------
Finished Rebuilding User Hierarchy : Time (s): cpu = 00:00:34 ; elapsed = 00:00:35 . Memory (MB): peak = 2203.688 ; gain = 536.426 ; free physical = 979 ; free virtual = 4112
---------------------------------------------------------------------------------
---------------------------------------------------------------------------------
Start Renaming Generated Ports
---------------------------------------------------------------------------------
---------------------------------------------------------------------------------
Finished Renaming Generated Ports : Time (s): cpu = 00:00:34 ; elapsed = 00:00:35 . Memory (MB): peak = 2203.688 ; gain = 536.426 ; free physical = 979 ; free virtual = 4112
---------------------------------------------------------------------------------
---------------------------------------------------------------------------------
Start Handling Custom Attributes
---------------------------------------------------------------------------------
---------------------------------------------------------------------------------
Finished Handling Custom Attributes : Time (s): cpu = 00:00:34 ; elapsed = 00:00:35 . Memory (MB): peak = 2203.688 ; gain = 536.426 ; free physical = 979 ; free virtual = 4112
---------------------------------------------------------------------------------
---------------------------------------------------------------------------------
Start Renaming Generated Nets
---------------------------------------------------------------------------------
---------------------------------------------------------------------------------
Finished Renaming Generated Nets : Time (s): cpu = 00:00:34 ; elapsed = 00:00:35 . Memory (MB): peak = 2203.688 ; gain = 536.426 ; free physical = 979 ; free virtual = 4112
---------------------------------------------------------------------------------
---------------------------------------------------------------------------------
Start Writing Synthesis Report
---------------------------------------------------------------------------------

Report BlackBoxes: 
+-+--------------+----------+
| |BlackBox name |Instances |
+-+--------------+----------+
+-+--------------+----------+

Report Cell Usage: 
+------+-----+------+
|      |Cell |Count |
+------+-----+------+
|1     |LUT1 |     1|
+------+-----+------+
---------------------------------------------------------------------------------
Finished Writing Synthesis Report : Time (s): cpu = 00:00:34 ; elapsed = 00:00:35 . Memory (MB): peak = 2203.688 ; gain = 536.426 ; free physical = 979 ; free virtual = 4112
---------------------------------------------------------------------------------
Synthesis finished with 0 errors, 0 critical warnings and 1 warnings.
Synthesis Optimization Runtime : Time (s): cpu = 00:00:32 ; elapsed = 00:00:32 . Memory (MB): peak = 2203.688 ; gain = 463.488 ; free physical = 979 ; free virtual = 4112
Synthesis Optimization Complete : Time (s): cpu = 00:00:34 ; elapsed = 00:00:35 . Memory (MB): peak = 2203.688 ; gain = 536.426 ; free physical = 979 ; free virtual = 4112
INFO: [Project 1-571] Translating synthesized netlist
Netlist sorting complete. Time (s): cpu = 00:00:00 ; elapsed = 00:00:00 . Memory (MB): peak = 2203.688 ; gain = 0.000 ; free physical = 978 ; free virtual = 4111
INFO: [Project 1-570] Preparing netlist for logic optimization
INFO: [Opt 31-138] Pushed 0 inverter(s) to 0 load pin(s).
Netlist sorting complete. Time (s): cpu = 00:00:00 ; elapsed = 00:00:00 . Memory (MB): peak = 2203.688 ; gain = 0.000 ; free physical = 1206 ; free virtual = 4415
INFO: [Project 1-111] Unisim Transformation Summary:
No Unisim elements were transformed.

Synth Design complete | Checksum: dacd45da
INFO: [Common 17-83] Releasing license: Synthesis
21 Infos, 1 Warnings, 0 Critical Warnings and 0 Errors encountered.
synth_design completed successfully
synth_design: Time (s): cpu = 00:00:46 ; elapsed = 00:00:42 . Memory (MB): peak = 2203.688 ; gain = 873.465 ; free physical = 1073 ; free virtual = 4513
INFO: [Common 17-2834] synth_design peak Physical Memory [PSS] (MB): overall = 1552.307; main = 1258.751; forked = 298.900
INFO: [Common 17-2834] synth_design peak Virtual Memory [VSS] (MB): overall = 3168.645; main = 2171.676; forked = 996.969
INFO: [Common 17-1381] The checkpoint '/home/cristian/Documents/ACES/DSD/ProcessorSystem/ProcessorSystem.runs/system_rst_inv_0_0_synth_1/system_rst_inv_0_0.dcp' has been generated.
INFO: [Coretcl 2-1648] Added synthesis output to IP cache for IP system_rst_inv_0_0, cache-ID = b2a3768f2f2d8577
INFO: [Common 17-1381] The checkpoint '/home/cristian/Documents/ACES/DSD/ProcessorSystem/ProcessorSystem.runs/system_rst_inv_0_0_synth_1/system_rst_inv_0_0.dcp' has been generated.
INFO: [runtcl-4] Executing : report_utilization -file system_rst_inv_0_0_utilization_synth.rpt -pb system_rst_inv_0_0_utilization_synth.pb
INFO: [Common 17-206] Exiting Vivado at Fri Apr 12 15:07:10 2024...
